<?xml version="1.0" encoding="UTF-8"?>
<!DOCTYPE coverage SYSTEM "https://raw.githubusercontent.com/cobertura/cobertura/master/cobertura/src/site/htdocs/xml/coverage-04.dtd">
<coverage line-rate="0.922169811320755" branch-rate="0" lines-covered="391" lines-valid="424" branches-covered="0" branches-valid="0" complexity="0" version="3.6.4" timestamp="2024-02-16 10:40:20">
  <sources>
    <source>C:/Users/eva.alonso/Documents/medusa</source>
  </sources>
  <packages>
    <package name="medusa" line-rate="0.922169811320755" branch-rate="0" complexity="0">
      <classes>
        <class name="main.R" filename="R/main.R" line-rate="1" branch-rate="0" complexity="0">
          <methods>
            <method name="ex_shocks" signature="" line-rate="1" branch-rate="0" complexity="0">
              <lines>
                <line number="12" hits="1" branch="false"/>
                <line number="13" hits="1" branch="false"/>
              </lines>
            </method>
            <method name="calc_di" signature="" line-rate="1" branch-rate="0" complexity="0">
              <lines>
                <line number="60" hits="64" branch="false"/>
                <line number="62" hits="64" branch="false"/>
                <line number="65" hits="64" branch="false"/>
                <line number="68" hits="64" branch="false"/>
                <line number="69" hits="32" branch="false"/>
                <line number="73" hits="64" branch="false"/>
                <line number="74" hits="32" branch="false"/>
                <line number="77" hits="32" branch="false"/>
                <line number="80" hits="32" branch="false"/>
                <line number="81" hits="1800" branch="false"/>
                <line number="84" hits="32" branch="false"/>
                <line number="85" hits="1640" branch="false"/>
                <line number="86" hits="1640" branch="false"/>
                <line number="87" hits="1640" branch="false"/>
                <line number="88" hits="1640" branch="false"/>
                <line number="91" hits="32" branch="false"/>
                <line number="92" hits="32" branch="false"/>
                <line number="95" hits="64" branch="false"/>
                <line number="98" hits="64" branch="false"/>
                <line number="101" hits="64" branch="false"/>
                <line number="103" hits="32" branch="false"/>
                <line number="104" hits="32" branch="false"/>
                <line number="106" hits="32" branch="false"/>
                <line number="107" hits="32" branch="false"/>
                <line number="108" hits="32" branch="false"/>
                <line number="112" hits="64" branch="false"/>
                <line number="113" hits="32" branch="false"/>
                <line number="114" hits="32" branch="false"/>
                <line number="116" hits="32" branch="false"/>
                <line number="117" hits="32" branch="false"/>
                <line number="118" hits="32" branch="false"/>
                <line number="123" hits="64" branch="false"/>
                <line number="125" hits="64" branch="false"/>
                <line number="126" hits="32" branch="false"/>
                <line number="129" hits="64" branch="false"/>
                <line number="130" hits="32" branch="false"/>
                <line number="133" hits="64" branch="false"/>
              </lines>
            </method>
            <method name="available_var_impact" signature="" line-rate="1" branch-rate="0" complexity="0">
              <lines>
                <line number="143" hits="1" branch="false"/>
                <line number="144" hits="1" branch="false"/>
              </lines>
            </method>
            <method name="available_var_intersec" signature="" line-rate="1" branch-rate="0" complexity="0">
              <lines>
                <line number="155" hits="1" branch="false"/>
                <line number="156" hits="1" branch="false"/>
              </lines>
            </method>
            <method name="ex_var_intersec" signature="" line-rate="1" branch-rate="0" complexity="0">
              <lines>
                <line number="168" hits="1" branch="false"/>
                <line number="169" hits="1" branch="false"/>
              </lines>
            </method>
          </methods>
          <lines>
            <line number="12" hits="1" branch="false"/>
            <line number="13" hits="1" branch="false"/>
            <line number="60" hits="64" branch="false"/>
            <line number="62" hits="64" branch="false"/>
            <line number="65" hits="64" branch="false"/>
            <line number="68" hits="64" branch="false"/>
            <line number="69" hits="32" branch="false"/>
            <line number="73" hits="64" branch="false"/>
            <line number="74" hits="32" branch="false"/>
            <line number="77" hits="32" branch="false"/>
            <line number="80" hits="32" branch="false"/>
            <line number="81" hits="1800" branch="false"/>
            <line number="84" hits="32" branch="false"/>
            <line number="85" hits="1640" branch="false"/>
            <line number="86" hits="1640" branch="false"/>
            <line number="87" hits="1640" branch="false"/>
            <line number="88" hits="1640" branch="false"/>
            <line number="91" hits="32" branch="false"/>
            <line number="92" hits="32" branch="false"/>
            <line number="95" hits="64" branch="false"/>
            <line number="98" hits="64" branch="false"/>
            <line number="101" hits="64" branch="false"/>
            <line number="103" hits="32" branch="false"/>
            <line number="104" hits="32" branch="false"/>
            <line number="106" hits="32" branch="false"/>
            <line number="107" hits="32" branch="false"/>
            <line number="108" hits="32" branch="false"/>
            <line number="112" hits="64" branch="false"/>
            <line number="113" hits="32" branch="false"/>
            <line number="114" hits="32" branch="false"/>
            <line number="116" hits="32" branch="false"/>
            <line number="117" hits="32" branch="false"/>
            <line number="118" hits="32" branch="false"/>
            <line number="123" hits="64" branch="false"/>
            <line number="125" hits="64" branch="false"/>
            <line number="126" hits="32" branch="false"/>
            <line number="129" hits="64" branch="false"/>
            <line number="130" hits="32" branch="false"/>
            <line number="133" hits="64" branch="false"/>
            <line number="143" hits="1" branch="false"/>
            <line number="144" hits="1" branch="false"/>
            <line number="155" hits="1" branch="false"/>
            <line number="156" hits="1" branch="false"/>
            <line number="168" hits="1" branch="false"/>
            <line number="169" hits="1" branch="false"/>
          </lines>
        </class>
        <class name="utils.R" filename="R/utils.R" line-rate="0.912928759894459" branch-rate="0" complexity="0">
          <methods>
            <method name="rename_values" signature="" line-rate="1" branch-rate="0" complexity="0">
              <lines>
                <line number="15" hits="303" branch="false"/>
                <line number="16" hits="303" branch="false"/>
                <line number="17" hits="303" branch="false"/>
                <line number="18" hits="303" branch="false"/>
                <line number="20" hits="303" branch="false"/>
                <line number="21" hits="303" branch="false"/>
                <line number="22" hits="303" branch="false"/>
                <line number="23" hits="303" branch="false"/>
                <line number="24" hits="303" branch="false"/>
                <line number="25" hits="303" branch="false"/>
                <line number="26" hits="303" branch="false"/>
                <line number="30" hits="303" branch="false"/>
              </lines>
            </method>
            <method name="standardize" signature="" line-rate="1" branch-rate="0" complexity="0">
              <lines>
                <line number="42" hits="17" branch="false"/>
                <line number="43" hits="17" branch="false"/>
                <line number="44" hits="17" branch="false"/>
                <line number="45" hits="17" branch="false"/>
                <line number="46" hits="17" branch="false"/>
                <line number="47" hits="17" branch="false"/>
                <line number="48" hits="17" branch="false"/>
                <line number="49" hits="17" branch="false"/>
                <line number="50" hits="17" branch="false"/>
                <line number="54" hits="17" branch="false"/>
                <line number="55" hits="17" branch="false"/>
                <line number="56" hits="17" branch="false"/>
                <line number="57" hits="17" branch="false"/>
                <line number="58" hits="17" branch="false"/>
                <line number="59" hits="17" branch="false"/>
                <line number="60" hits="303" branch="false"/>
                <line number="63" hits="17" branch="false"/>
              </lines>
            </method>
            <method name="load_rawhbs" signature="" line-rate="0.892857142857143" branch-rate="0" complexity="0">
              <lines>
                <line number="83" hits="16" branch="false"/>
                <line number="85" hits="16" branch="false"/>
                <line number="87" hits="16" branch="false"/>
                <line number="89" hits="16" branch="false"/>
                <line number="90" hits="10" branch="false"/>
                <line number="91" hits="10" branch="false"/>
                <line number="92" hits="10" branch="false"/>
                <line number="96" hits="16" branch="false"/>
                <line number="104" hits="16" branch="false"/>
                <line number="105" hits="16" branch="false"/>
                <line number="106" hits="16" branch="false"/>
                <line number="109" hits="16" branch="false"/>
                <line number="110" hits="1" branch="false"/>
                <line number="111" hits="1" branch="false"/>
                <line number="114" hits="16" branch="false"/>
                <line number="115" hits="16" branch="false"/>
                <line number="116" hits="16" branch="false"/>
                <line number="118" hits="16" branch="false"/>
                <line number="119" hits="16" branch="false"/>
                <line number="120" hits="16" branch="false"/>
                <line number="123" hits="16" branch="false"/>
                <line number="124" hits="16" branch="false"/>
                <line number="125" hits="16" branch="false"/>
                <line number="128" hits="16" branch="false"/>
                <line number="129" hits="1" branch="false"/>
                <line number="130" hits="1" branch="false"/>
                <line number="131" hits="1" branch="false"/>
                <line number="132" hits="1" branch="false"/>
                <line number="134" hits="16" branch="false"/>
                <line number="135" hits="16" branch="false"/>
                <line number="136" hits="16" branch="false"/>
                <line number="140" hits="16" branch="false"/>
                <line number="141" hits="0" branch="false"/>
                <line number="149" hits="16" branch="false"/>
                <line number="150" hits="16" branch="false"/>
                <line number="151" hits="16" branch="false"/>
                <line number="152" hits="0" branch="false"/>
                <line number="154" hits="0" branch="false"/>
                <line number="155" hits="16" branch="false"/>
                <line number="156" hits="16" branch="false"/>
                <line number="157" hits="16" branch="false"/>
                <line number="158" hits="16" branch="false"/>
                <line number="159" hits="16" branch="false"/>
                <line number="160" hits="16" branch="false"/>
                <line number="161" hits="16" branch="false"/>
                <line number="162" hits="0" branch="false"/>
                <line number="163" hits="0" branch="false"/>
                <line number="164" hits="0" branch="false"/>
                <line number="165" hits="0" branch="false"/>
                <line number="166" hits="0" branch="false"/>
                <line number="167" hits="16" branch="false"/>
                <line number="168" hits="0" branch="false"/>
                <line number="169" hits="16" branch="false"/>
                <line number="170" hits="16" branch="false"/>
                <line number="171" hits="16" branch="false"/>
                <line number="173" hits="16" branch="false"/>
                <line number="176" hits="16" branch="false"/>
                <line number="179" hits="16" branch="false"/>
                <line number="182" hits="16" branch="false"/>
                <line number="185" hits="16" branch="false"/>
                <line number="186" hits="5" branch="false"/>
                <line number="187" hits="5" branch="false"/>
                <line number="188" hits="5" branch="false"/>
                <line number="189" hits="5" branch="false"/>
                <line number="190" hits="5" branch="false"/>
                <line number="194" hits="16" branch="false"/>
                <line number="195" hits="16" branch="false"/>
                <line number="196" hits="16" branch="false"/>
                <line number="197" hits="16" branch="false"/>
                <line number="198" hits="16" branch="false"/>
                <line number="200" hits="16" branch="false"/>
                <line number="201" hits="16" branch="false"/>
                <line number="202" hits="16" branch="false"/>
                <line number="203" hits="16" branch="false"/>
                <line number="204" hits="16" branch="false"/>
                <line number="207" hits="16" branch="false"/>
                <line number="208" hits="16" branch="false"/>
                <line number="209" hits="16" branch="false"/>
                <line number="212" hits="16" branch="false"/>
                <line number="213" hits="1" branch="false"/>
                <line number="215" hits="16" branch="false"/>
                <line number="222" hits="16" branch="false"/>
                <line number="228" hits="16" branch="false"/>
                <line number="229" hits="16" branch="false"/>
              </lines>
            </method>
            <method name="add_coicop" signature="" line-rate="0.9" branch-rate="0" complexity="0">
              <lines>
                <line number="249" hits="112" branch="false"/>
                <line number="253" hits="112" branch="false"/>
                <line number="254" hits="6300" branch="false"/>
                <line number="263" hits="112" branch="false"/>
                <line number="264" hits="112" branch="false"/>
                <line number="265" hits="5740" branch="false"/>
                <line number="266" hits="5740" branch="false"/>
                <line number="270" hits="112" branch="false"/>
                <line number="271" hits="0" branch="false"/>
                <line number="275" hits="112" branch="false"/>
              </lines>
            </method>
            <method name="elevate_hbs" signature="" line-rate="0.967741935483871" branch-rate="0" complexity="0">
              <lines>
                <line number="290" hits="64" branch="false"/>
                <line number="297" hits="64" branch="false"/>
                <line number="298" hits="64" branch="false"/>
                <line number="299" hits="64" branch="false"/>
                <line number="300" hits="64" branch="false"/>
                <line number="303" hits="64" branch="false"/>
                <line number="306" hits="64" branch="false"/>
                <line number="309" hits="64" branch="false"/>
                <line number="310" hits="64" branch="false"/>
                <line number="311" hits="64" branch="false"/>
                <line number="312" hits="64" branch="false"/>
                <line number="315" hits="64" branch="false"/>
                <line number="316" hits="0" branch="false"/>
                <line number="324" hits="64" branch="false"/>
                <line number="328" hits="64" branch="false"/>
                <line number="329" hits="3600" branch="false"/>
                <line number="333" hits="64" branch="false"/>
                <line number="334" hits="3280" branch="false"/>
                <line number="335" hits="3280" branch="false"/>
                <line number="337" hits="3280" branch="false"/>
                <line number="338" hits="3280" branch="false"/>
                <line number="340" hits="3280" branch="false"/>
                <line number="342" hits="3280" branch="false"/>
                <line number="343" hits="64" branch="false"/>
                <line number="344" hits="64" branch="false"/>
                <line number="346" hits="3216" branch="false"/>
                <line number="347" hits="3216" branch="false"/>
                <line number="354" hits="64" branch="false"/>
                <line number="355" hits="64" branch="false"/>
                <line number="356" hits="64" branch="false"/>
                <line number="357" hits="64" branch="false"/>
                <line number="358" hits="64" branch="false"/>
                <line number="361" hits="64" branch="false"/>
                <line number="362" hits="64" branch="false"/>
                <line number="363" hits="64" branch="false"/>
                <line number="364" hits="64" branch="false"/>
                <line number="366" hits="64" branch="false"/>
                <line number="368" hits="64" branch="false"/>
                <line number="369" hits="64" branch="false"/>
                <line number="375" hits="64" branch="false"/>
                <line number="376" hits="3280" branch="false"/>
                <line number="377" hits="3280" branch="false"/>
                <line number="378" hits="3280" branch="false"/>
                <line number="380" hits="3280" branch="false"/>
                <line number="381" hits="3280" branch="false"/>
                <line number="391" hits="64" branch="false"/>
                <line number="394" hits="64" branch="false"/>
                <line number="395" hits="64" branch="false"/>
                <line number="396" hits="64" branch="false"/>
                <line number="397" hits="64" branch="false"/>
                <line number="398" hits="64" branch="false"/>
                <line number="400" hits="64" branch="false"/>
                <line number="403" hits="64" branch="false"/>
                <line number="404" hits="3280" branch="false"/>
                <line number="405" hits="3280" branch="false"/>
                <line number="406" hits="3280" branch="false"/>
                <line number="408" hits="3280" branch="false"/>
                <line number="409" hits="3280" branch="false"/>
                <line number="412" hits="64" branch="false"/>
                <line number="415" hits="64" branch="false"/>
                <line number="416" hits="0" branch="false"/>
                <line number="419" hits="64" branch="false"/>
              </lines>
            </method>
            <method name="price_shock" signature="" line-rate="1" branch-rate="0" complexity="0">
              <lines>
                <line number="447" hits="65" branch="false"/>
                <line number="448" hits="24" branch="false"/>
                <line number="449" hits="24" branch="false"/>
                <line number="454" hits="65" branch="false"/>
                <line number="455" hits="293" branch="false"/>
                <line number="458" hits="65" branch="false"/>
                <line number="461" hits="65" branch="false"/>
                <line number="462" hits="163" branch="false"/>
                <line number="463" hits="8212" branch="false"/>
                <line number="464" hits="8212" branch="false"/>
                <line number="465" hits="8212" branch="false"/>
                <line number="467" hits="8212" branch="false"/>
                <line number="468" hits="8212" branch="false"/>
                <line number="474" hits="65" branch="false"/>
                <line number="475" hits="163" branch="false"/>
                <line number="477" hits="163" branch="false"/>
                <line number="478" hits="163" branch="false"/>
                <line number="482" hits="65" branch="false"/>
                <line number="484" hits="65" branch="false"/>
              </lines>
            </method>
            <method name="adjust_wh" signature="" line-rate="0.769230769230769" branch-rate="0" complexity="0">
              <lines>
                <line number="499" hits="607" branch="false"/>
                <line number="500" hits="607" branch="false"/>
                <line number="501" hits="607" branch="false"/>
                <line number="502" hits="607" branch="false"/>
                <line number="503" hits="607" branch="false"/>
                <line number="504" hits="607" branch="false"/>
                <line number="505" hits="607" branch="false"/>
                <line number="507" hits="0" branch="false"/>
                <line number="509" hits="607" branch="false"/>
                <line number="510" hits="0" branch="false"/>
                <line number="511" hits="0" branch="false"/>
                <line number="513" hits="607" branch="false"/>
                <line number="516" hits="607" branch="false"/>
              </lines>
            </method>
            <method name="adjust_wh_is" signature="" line-rate="0.846153846153846" branch-rate="0" complexity="0">
              <lines>
                <line number="530" hits="5" branch="false"/>
                <line number="531" hits="5" branch="false"/>
                <line number="532" hits="5" branch="false"/>
                <line number="533" hits="5" branch="false"/>
                <line number="534" hits="5" branch="false"/>
                <line number="535" hits="5" branch="false"/>
                <line number="536" hits="5" branch="false"/>
                <line number="538" hits="0" branch="false"/>
                <line number="540" hits="5" branch="false"/>
                <line number="541" hits="5" branch="false"/>
                <line number="542" hits="5" branch="false"/>
                <line number="544" hits="0" branch="false"/>
                <line number="547" hits="5" branch="false"/>
              </lines>
            </method>
            <method name="order_var" signature="" line-rate="1" branch-rate="0" complexity="0">
              <lines>
                <line number="559" hits="617" branch="false"/>
                <line number="560" hits="32" branch="false"/>
                <line number="561" hits="32" branch="false"/>
                <line number="562" hits="585" branch="false"/>
                <line number="563" hits="35" branch="false"/>
                <line number="564" hits="35" branch="false"/>
                <line number="565" hits="550" branch="false"/>
                <line number="566" hits="33" branch="false"/>
                <line number="567" hits="33" branch="false"/>
                <line number="568" hits="517" branch="false"/>
                <line number="569" hits="34" branch="false"/>
                <line number="570" hits="34" branch="false"/>
                <line number="571" hits="483" branch="false"/>
                <line number="572" hits="32" branch="false"/>
                <line number="573" hits="32" branch="false"/>
                <line number="574" hits="451" branch="false"/>
                <line number="575" hits="34" branch="false"/>
                <line number="576" hits="34" branch="false"/>
                <line number="578" hits="617" branch="false"/>
              </lines>
            </method>
            <method name="basic_graph" signature="" line-rate="0.961538461538462" branch-rate="0" complexity="0">
              <lines>
                <line number="594" hits="0" branch="false"/>
                <line number="595" hits="33" branch="false"/>
                <line number="596" hits="607" branch="false"/>
                <line number="597" hits="607" branch="false"/>
                <line number="598" hits="607" branch="false"/>
                <line number="599" hits="607" branch="false"/>
                <line number="600" hits="607" branch="false"/>
                <line number="603" hits="607" branch="false"/>
                <line number="604" hits="607" branch="false"/>
                <line number="605" hits="607" branch="false"/>
                <line number="607" hits="607" branch="false"/>
                <line number="608" hits="607" branch="false"/>
                <line number="609" hits="607" branch="false"/>
                <line number="610" hits="607" branch="false"/>
                <line number="611" hits="607" branch="false"/>
                <line number="612" hits="607" branch="false"/>
                <line number="613" hits="607" branch="false"/>
                <line number="614" hits="607" branch="false"/>
                <line number="617" hits="607" branch="false"/>
                <line number="618" hits="32" branch="false"/>
                <line number="621" hits="607" branch="false"/>
                <line number="622" hits="229" branch="false"/>
                <line number="623" hits="229" branch="false"/>
                <line number="626" hits="607" branch="false"/>
                <line number="627" hits="607" branch="false"/>
                <line number="630" hits="33" branch="false"/>
              </lines>
            </method>
            <method name="impact" signature="" line-rate="0.96" branch-rate="0" complexity="0">
              <lines>
                <line number="658" hits="33" branch="false"/>
                <line number="659" hits="33" branch="false"/>
                <line number="661" hits="33" branch="false"/>
                <line number="662" hits="627" branch="false"/>
                <line number="663" hits="607" branch="false"/>
                <line number="664" hits="607" branch="false"/>
                <line number="665" hits="607" branch="false"/>
                <line number="666" hits="607" branch="false"/>
                <line number="667" hits="607" branch="false"/>
                <line number="668" hits="607" branch="false"/>
                <line number="669" hits="607" branch="false"/>
                <line number="670" hits="607" branch="false"/>
                <line number="671" hits="607" branch="false"/>
                <line number="672" hits="607" branch="false"/>
                <line number="673" hits="607" branch="false"/>
                <line number="674" hits="607" branch="false"/>
                <line number="676" hits="20" branch="false"/>
                <line number="677" hits="20" branch="false"/>
                <line number="681" hits="33" branch="false"/>
                <line number="682" hits="0" branch="false"/>
                <line number="683" hits="33" branch="false"/>
                <line number="687" hits="33" branch="false"/>
                <line number="688" hits="33" branch="false"/>
                <line number="689" hits="33" branch="false"/>
                <line number="693" hits="33" branch="false"/>
              </lines>
            </method>
            <method name="intersectional_graph" signature="" line-rate="0.744186046511628" branch-rate="0" complexity="0">
              <lines>
                <line number="716" hits="0" branch="false"/>
                <line number="717" hits="1" branch="false"/>
                <line number="718" hits="5" branch="false"/>
                <line number="719" hits="5" branch="false"/>
                <line number="720" hits="5" branch="false"/>
                <line number="721" hits="5" branch="false"/>
                <line number="722" hits="5" branch="false"/>
                <line number="723" hits="5" branch="false"/>
                <line number="724" hits="5" branch="false"/>
                <line number="725" hits="5" branch="false"/>
                <line number="726" hits="5" branch="false"/>
                <line number="729" hits="5" branch="false"/>
                <line number="730" hits="5" branch="false"/>
                <line number="731" hits="5" branch="false"/>
                <line number="732" hits="5" branch="false"/>
                <line number="733" hits="5" branch="false"/>
                <line number="734" hits="5" branch="false"/>
                <line number="736" hits="5" branch="false"/>
                <line number="738" hits="0" branch="false"/>
                <line number="739" hits="0" branch="false"/>
                <line number="740" hits="0" branch="false"/>
                <line number="741" hits="0" branch="false"/>
                <line number="742" hits="0" branch="false"/>
                <line number="743" hits="0" branch="false"/>
                <line number="744" hits="0" branch="false"/>
                <line number="745" hits="0" branch="false"/>
                <line number="746" hits="0" branch="false"/>
                <line number="750" hits="5" branch="false"/>
                <line number="751" hits="5" branch="false"/>
                <line number="752" hits="5" branch="false"/>
                <line number="753" hits="5" branch="false"/>
                <line number="754" hits="5" branch="false"/>
                <line number="755" hits="5" branch="false"/>
                <line number="756" hits="5" branch="false"/>
                <line number="757" hits="5" branch="false"/>
                <line number="761" hits="5" branch="false"/>
                <line number="762" hits="0" branch="false"/>
                <line number="765" hits="5" branch="false"/>
                <line number="766" hits="3" branch="false"/>
                <line number="767" hits="3" branch="false"/>
                <line number="770" hits="5" branch="false"/>
                <line number="771" hits="5" branch="false"/>
                <line number="774" hits="1" branch="false"/>
              </lines>
            </method>
            <method name="impact_intersectional" signature="" line-rate="0.916666666666667" branch-rate="0" complexity="0">
              <lines>
                <line number="808" hits="33" branch="false"/>
                <line number="809" hits="33" branch="false"/>
                <line number="810" hits="33" branch="false"/>
                <line number="811" hits="7685" branch="false"/>
                <line number="812" hits="7685" branch="false"/>
                <line number="814" hits="7685" branch="false"/>
                <line number="815" hits="7385" branch="false"/>
                <line number="816" hits="7385" branch="false"/>
                <line number="817" hits="7385" branch="false"/>
                <line number="818" hits="7385" branch="false"/>
                <line number="819" hits="7385" branch="false"/>
                <line number="820" hits="7385" branch="false"/>
                <line number="821" hits="7385" branch="false"/>
                <line number="822" hits="7385" branch="false"/>
                <line number="823" hits="7385" branch="false"/>
                <line number="824" hits="7385" branch="false"/>
                <line number="825" hits="7385" branch="false"/>
                <line number="826" hits="7385" branch="false"/>
                <line number="827" hits="7385" branch="false"/>
                <line number="829" hits="300" branch="false"/>
                <line number="830" hits="160" branch="false"/>
                <line number="831" hits="160" branch="false"/>
                <line number="832" hits="140" branch="false"/>
                <line number="833" hits="140" branch="false"/>
                <line number="834" hits="140" branch="false"/>
                <line number="836" hits="0" branch="false"/>
                <line number="837" hits="0" branch="false"/>
                <line number="841" hits="33" branch="false"/>
                <line number="842" hits="0" branch="false"/>
                <line number="843" hits="33" branch="false"/>
                <line number="846" hits="33" branch="false"/>
                <line number="847" hits="1" branch="false"/>
                <line number="848" hits="1" branch="false"/>
                <line number="849" hits="1" branch="false"/>
                <line number="850" hits="1" branch="false"/>
                <line number="854" hits="33" branch="false"/>
              </lines>
            </method>
          </methods>
          <lines>
            <line number="15" hits="303" branch="false"/>
            <line number="16" hits="303" branch="false"/>
            <line number="17" hits="303" branch="false"/>
            <line number="18" hits="303" branch="false"/>
            <line number="20" hits="303" branch="false"/>
            <line number="21" hits="303" branch="false"/>
            <line number="22" hits="303" branch="false"/>
            <line number="23" hits="303" branch="false"/>
            <line number="24" hits="303" branch="false"/>
            <line number="25" hits="303" branch="false"/>
            <line number="26" hits="303" branch="false"/>
            <line number="30" hits="303" branch="false"/>
            <line number="42" hits="17" branch="false"/>
            <line number="43" hits="17" branch="false"/>
            <line number="44" hits="17" branch="false"/>
            <line number="45" hits="17" branch="false"/>
            <line number="46" hits="17" branch="false"/>
            <line number="47" hits="17" branch="false"/>
            <line number="48" hits="17" branch="false"/>
            <line number="49" hits="17" branch="false"/>
            <line number="50" hits="17" branch="false"/>
            <line number="54" hits="17" branch="false"/>
            <line number="55" hits="17" branch="false"/>
            <line number="56" hits="17" branch="false"/>
            <line number="57" hits="17" branch="false"/>
            <line number="58" hits="17" branch="false"/>
            <line number="59" hits="17" branch="false"/>
            <line number="60" hits="303" branch="false"/>
            <line number="63" hits="17" branch="false"/>
            <line number="83" hits="16" branch="false"/>
            <line number="85" hits="16" branch="false"/>
            <line number="87" hits="16" branch="false"/>
            <line number="89" hits="16" branch="false"/>
            <line number="90" hits="10" branch="false"/>
            <line number="91" hits="10" branch="false"/>
            <line number="92" hits="10" branch="false"/>
            <line number="96" hits="16" branch="false"/>
            <line number="104" hits="16" branch="false"/>
            <line number="105" hits="16" branch="false"/>
            <line number="106" hits="16" branch="false"/>
            <line number="109" hits="16" branch="false"/>
            <line number="110" hits="1" branch="false"/>
            <line number="111" hits="1" branch="false"/>
            <line number="114" hits="16" branch="false"/>
            <line number="115" hits="16" branch="false"/>
            <line number="116" hits="16" branch="false"/>
            <line number="118" hits="16" branch="false"/>
            <line number="119" hits="16" branch="false"/>
            <line number="120" hits="16" branch="false"/>
            <line number="123" hits="16" branch="false"/>
            <line number="124" hits="16" branch="false"/>
            <line number="125" hits="16" branch="false"/>
            <line number="128" hits="16" branch="false"/>
            <line number="129" hits="1" branch="false"/>
            <line number="130" hits="1" branch="false"/>
            <line number="131" hits="1" branch="false"/>
            <line number="132" hits="1" branch="false"/>
            <line number="134" hits="16" branch="false"/>
            <line number="135" hits="16" branch="false"/>
            <line number="136" hits="16" branch="false"/>
            <line number="140" hits="16" branch="false"/>
            <line number="141" hits="0" branch="false"/>
            <line number="149" hits="16" branch="false"/>
            <line number="150" hits="16" branch="false"/>
            <line number="151" hits="16" branch="false"/>
            <line number="152" hits="0" branch="false"/>
            <line number="154" hits="0" branch="false"/>
            <line number="155" hits="16" branch="false"/>
            <line number="156" hits="16" branch="false"/>
            <line number="157" hits="16" branch="false"/>
            <line number="158" hits="16" branch="false"/>
            <line number="159" hits="16" branch="false"/>
            <line number="160" hits="16" branch="false"/>
            <line number="161" hits="16" branch="false"/>
            <line number="162" hits="0" branch="false"/>
            <line number="163" hits="0" branch="false"/>
            <line number="164" hits="0" branch="false"/>
            <line number="165" hits="0" branch="false"/>
            <line number="166" hits="0" branch="false"/>
            <line number="167" hits="16" branch="false"/>
            <line number="168" hits="0" branch="false"/>
            <line number="169" hits="16" branch="false"/>
            <line number="170" hits="16" branch="false"/>
            <line number="171" hits="16" branch="false"/>
            <line number="173" hits="16" branch="false"/>
            <line number="176" hits="16" branch="false"/>
            <line number="179" hits="16" branch="false"/>
            <line number="182" hits="16" branch="false"/>
            <line number="185" hits="16" branch="false"/>
            <line number="186" hits="5" branch="false"/>
            <line number="187" hits="5" branch="false"/>
            <line number="188" hits="5" branch="false"/>
            <line number="189" hits="5" branch="false"/>
            <line number="190" hits="5" branch="false"/>
            <line number="194" hits="16" branch="false"/>
            <line number="195" hits="16" branch="false"/>
            <line number="196" hits="16" branch="false"/>
            <line number="197" hits="16" branch="false"/>
            <line number="198" hits="16" branch="false"/>
            <line number="200" hits="16" branch="false"/>
            <line number="201" hits="16" branch="false"/>
            <line number="202" hits="16" branch="false"/>
            <line number="203" hits="16" branch="false"/>
            <line number="204" hits="16" branch="false"/>
            <line number="207" hits="16" branch="false"/>
            <line number="208" hits="16" branch="false"/>
            <line number="209" hits="16" branch="false"/>
            <line number="212" hits="16" branch="false"/>
            <line number="213" hits="1" branch="false"/>
            <line number="215" hits="16" branch="false"/>
            <line number="222" hits="16" branch="false"/>
            <line number="228" hits="16" branch="false"/>
            <line number="229" hits="16" branch="false"/>
            <line number="249" hits="112" branch="false"/>
            <line number="253" hits="112" branch="false"/>
            <line number="254" hits="6300" branch="false"/>
            <line number="263" hits="112" branch="false"/>
            <line number="264" hits="112" branch="false"/>
            <line number="265" hits="5740" branch="false"/>
            <line number="266" hits="5740" branch="false"/>
            <line number="270" hits="112" branch="false"/>
            <line number="271" hits="0" branch="false"/>
            <line number="275" hits="112" branch="false"/>
            <line number="290" hits="64" branch="false"/>
            <line number="297" hits="64" branch="false"/>
            <line number="298" hits="64" branch="false"/>
            <line number="299" hits="64" branch="false"/>
            <line number="300" hits="64" branch="false"/>
            <line number="303" hits="64" branch="false"/>
            <line number="306" hits="64" branch="false"/>
            <line number="309" hits="64" branch="false"/>
            <line number="310" hits="64" branch="false"/>
            <line number="311" hits="64" branch="false"/>
            <line number="312" hits="64" branch="false"/>
            <line number="315" hits="64" branch="false"/>
            <line number="316" hits="0" branch="false"/>
            <line number="324" hits="64" branch="false"/>
            <line number="328" hits="64" branch="false"/>
            <line number="329" hits="3600" branch="false"/>
            <line number="333" hits="64" branch="false"/>
            <line number="334" hits="3280" branch="false"/>
            <line number="335" hits="3280" branch="false"/>
            <line number="337" hits="3280" branch="false"/>
            <line number="338" hits="3280" branch="false"/>
            <line number="340" hits="3280" branch="false"/>
            <line number="342" hits="3280" branch="false"/>
            <line number="343" hits="64" branch="false"/>
            <line number="344" hits="64" branch="false"/>
            <line number="346" hits="3216" branch="false"/>
            <line number="347" hits="3216" branch="false"/>
            <line number="354" hits="64" branch="false"/>
            <line number="355" hits="64" branch="false"/>
            <line number="356" hits="64" branch="false"/>
            <line number="357" hits="64" branch="false"/>
            <line number="358" hits="64" branch="false"/>
            <line number="361" hits="64" branch="false"/>
            <line number="362" hits="64" branch="false"/>
            <line number="363" hits="64" branch="false"/>
            <line number="364" hits="64" branch="false"/>
            <line number="366" hits="64" branch="false"/>
            <line number="368" hits="64" branch="false"/>
            <line number="369" hits="64" branch="false"/>
            <line number="375" hits="64" branch="false"/>
            <line number="376" hits="3280" branch="false"/>
            <line number="377" hits="3280" branch="false"/>
            <line number="378" hits="3280" branch="false"/>
            <line number="380" hits="3280" branch="false"/>
            <line number="381" hits="3280" branch="false"/>
            <line number="391" hits="64" branch="false"/>
            <line number="394" hits="64" branch="false"/>
            <line number="395" hits="64" branch="false"/>
            <line number="396" hits="64" branch="false"/>
            <line number="397" hits="64" branch="false"/>
            <line number="398" hits="64" branch="false"/>
            <line number="400" hits="64" branch="false"/>
            <line number="403" hits="64" branch="false"/>
            <line number="404" hits="3280" branch="false"/>
            <line number="405" hits="3280" branch="false"/>
            <line number="406" hits="3280" branch="false"/>
            <line number="408" hits="3280" branch="false"/>
            <line number="409" hits="3280" branch="false"/>
            <line number="412" hits="64" branch="false"/>
            <line number="415" hits="64" branch="false"/>
            <line number="416" hits="0" branch="false"/>
            <line number="419" hits="64" branch="false"/>
            <line number="447" hits="65" branch="false"/>
            <line number="448" hits="24" branch="false"/>
            <line number="449" hits="24" branch="false"/>
            <line number="454" hits="65" branch="false"/>
            <line number="455" hits="293" branch="false"/>
            <line number="458" hits="65" branch="false"/>
            <line number="461" hits="65" branch="false"/>
            <line number="462" hits="163" branch="false"/>
            <line number="463" hits="8212" branch="false"/>
            <line number="464" hits="8212" branch="false"/>
            <line number="465" hits="8212" branch="false"/>
            <line number="467" hits="8212" branch="false"/>
            <line number="468" hits="8212" branch="false"/>
            <line number="474" hits="65" branch="false"/>
            <line number="475" hits="163" branch="false"/>
            <line number="477" hits="163" branch="false"/>
            <line number="478" hits="163" branch="false"/>
            <line number="482" hits="65" branch="false"/>
            <line number="484" hits="65" branch="false"/>
            <line number="499" hits="607" branch="false"/>
            <line number="500" hits="607" branch="false"/>
            <line number="501" hits="607" branch="false"/>
            <line number="502" hits="607" branch="false"/>
            <line number="503" hits="607" branch="false"/>
            <line number="504" hits="607" branch="false"/>
            <line number="505" hits="607" branch="false"/>
            <line number="507" hits="0" branch="false"/>
            <line number="509" hits="607" branch="false"/>
            <line number="510" hits="0" branch="false"/>
            <line number="511" hits="0" branch="false"/>
            <line number="513" hits="607" branch="false"/>
            <line number="516" hits="607" branch="false"/>
            <line number="530" hits="5" branch="false"/>
            <line number="531" hits="5" branch="false"/>
            <line number="532" hits="5" branch="false"/>
            <line number="533" hits="5" branch="false"/>
            <line number="534" hits="5" branch="false"/>
            <line number="535" hits="5" branch="false"/>
            <line number="536" hits="5" branch="false"/>
            <line number="538" hits="0" branch="false"/>
            <line number="540" hits="5" branch="false"/>
            <line number="541" hits="5" branch="false"/>
            <line number="542" hits="5" branch="false"/>
            <line number="544" hits="0" branch="false"/>
            <line number="547" hits="5" branch="false"/>
            <line number="559" hits="617" branch="false"/>
            <line number="560" hits="32" branch="false"/>
            <line number="561" hits="32" branch="false"/>
            <line number="562" hits="585" branch="false"/>
            <line number="563" hits="35" branch="false"/>
            <line number="564" hits="35" branch="false"/>
            <line number="565" hits="550" branch="false"/>
            <line number="566" hits="33" branch="false"/>
            <line number="567" hits="33" branch="false"/>
            <line number="568" hits="517" branch="false"/>
            <line number="569" hits="34" branch="false"/>
            <line number="570" hits="34" branch="false"/>
            <line number="571" hits="483" branch="false"/>
            <line number="572" hits="32" branch="false"/>
            <line number="573" hits="32" branch="false"/>
            <line number="574" hits="451" branch="false"/>
            <line number="575" hits="34" branch="false"/>
            <line number="576" hits="34" branch="false"/>
            <line number="578" hits="617" branch="false"/>
            <line number="594" hits="0" branch="false"/>
            <line number="595" hits="33" branch="false"/>
            <line number="596" hits="607" branch="false"/>
            <line number="597" hits="607" branch="false"/>
            <line number="598" hits="607" branch="false"/>
            <line number="599" hits="607" branch="false"/>
            <line number="600" hits="607" branch="false"/>
            <line number="603" hits="607" branch="false"/>
            <line number="604" hits="607" branch="false"/>
            <line number="605" hits="607" branch="false"/>
            <line number="607" hits="607" branch="false"/>
            <line number="608" hits="607" branch="false"/>
            <line number="609" hits="607" branch="false"/>
            <line number="610" hits="607" branch="false"/>
            <line number="611" hits="607" branch="false"/>
            <line number="612" hits="607" branch="false"/>
            <line number="613" hits="607" branch="false"/>
            <line number="614" hits="607" branch="false"/>
            <line number="617" hits="607" branch="false"/>
            <line number="618" hits="32" branch="false"/>
            <line number="621" hits="607" branch="false"/>
            <line number="622" hits="229" branch="false"/>
            <line number="623" hits="229" branch="false"/>
            <line number="626" hits="607" branch="false"/>
            <line number="627" hits="607" branch="false"/>
            <line number="630" hits="33" branch="false"/>
            <line number="658" hits="33" branch="false"/>
            <line number="659" hits="33" branch="false"/>
            <line number="661" hits="33" branch="false"/>
            <line number="662" hits="627" branch="false"/>
            <line number="663" hits="607" branch="false"/>
            <line number="664" hits="607" branch="false"/>
            <line number="665" hits="607" branch="false"/>
            <line number="666" hits="607" branch="false"/>
            <line number="667" hits="607" branch="false"/>
            <line number="668" hits="607" branch="false"/>
            <line number="669" hits="607" branch="false"/>
            <line number="670" hits="607" branch="false"/>
            <line number="671" hits="607" branch="false"/>
            <line number="672" hits="607" branch="false"/>
            <line number="673" hits="607" branch="false"/>
            <line number="674" hits="607" branch="false"/>
            <line number="676" hits="20" branch="false"/>
            <line number="677" hits="20" branch="false"/>
            <line number="681" hits="33" branch="false"/>
            <line number="682" hits="0" branch="false"/>
            <line number="683" hits="33" branch="false"/>
            <line number="687" hits="33" branch="false"/>
            <line number="688" hits="33" branch="false"/>
            <line number="689" hits="33" branch="false"/>
            <line number="693" hits="33" branch="false"/>
            <line number="716" hits="0" branch="false"/>
            <line number="717" hits="1" branch="false"/>
            <line number="718" hits="5" branch="false"/>
            <line number="719" hits="5" branch="false"/>
            <line number="720" hits="5" branch="false"/>
            <line number="721" hits="5" branch="false"/>
            <line number="722" hits="5" branch="false"/>
            <line number="723" hits="5" branch="false"/>
            <line number="724" hits="5" branch="false"/>
            <line number="725" hits="5" branch="false"/>
            <line number="726" hits="5" branch="false"/>
            <line number="729" hits="5" branch="false"/>
            <line number="730" hits="5" branch="false"/>
            <line number="731" hits="5" branch="false"/>
            <line number="732" hits="5" branch="false"/>
            <line number="733" hits="5" branch="false"/>
            <line number="734" hits="5" branch="false"/>
            <line number="736" hits="5" branch="false"/>
            <line number="738" hits="0" branch="false"/>
            <line number="739" hits="0" branch="false"/>
            <line number="740" hits="0" branch="false"/>
            <line number="741" hits="0" branch="false"/>
            <line number="742" hits="0" branch="false"/>
            <line number="743" hits="0" branch="false"/>
            <line number="744" hits="0" branch="false"/>
            <line number="745" hits="0" branch="false"/>
            <line number="746" hits="0" branch="false"/>
            <line number="750" hits="5" branch="false"/>
            <line number="751" hits="5" branch="false"/>
            <line number="752" hits="5" branch="false"/>
            <line number="753" hits="5" branch="false"/>
            <line number="754" hits="5" branch="false"/>
            <line number="755" hits="5" branch="false"/>
            <line number="756" hits="5" branch="false"/>
            <line number="757" hits="5" branch="false"/>
            <line number="761" hits="5" branch="false"/>
            <line number="762" hits="0" branch="false"/>
            <line number="765" hits="5" branch="false"/>
            <line number="766" hits="3" branch="false"/>
            <line number="767" hits="3" branch="false"/>
            <line number="770" hits="5" branch="false"/>
            <line number="771" hits="5" branch="false"/>
            <line number="774" hits="1" branch="false"/>
            <line number="808" hits="33" branch="false"/>
            <line number="809" hits="33" branch="false"/>
            <line number="810" hits="33" branch="false"/>
            <line number="811" hits="7685" branch="false"/>
            <line number="812" hits="7685" branch="false"/>
            <line number="814" hits="7685" branch="false"/>
            <line number="815" hits="7385" branch="false"/>
            <line number="816" hits="7385" branch="false"/>
            <line number="817" hits="7385" branch="false"/>
            <line number="818" hits="7385" branch="false"/>
            <line number="819" hits="7385" branch="false"/>
            <line number="820" hits="7385" branch="false"/>
            <line number="821" hits="7385" branch="false"/>
            <line number="822" hits="7385" branch="false"/>
            <line number="823" hits="7385" branch="false"/>
            <line number="824" hits="7385" branch="false"/>
            <line number="825" hits="7385" branch="false"/>
            <line number="826" hits="7385" branch="false"/>
            <line number="827" hits="7385" branch="false"/>
            <line number="829" hits="300" branch="false"/>
            <line number="830" hits="160" branch="false"/>
            <line number="831" hits="160" branch="false"/>
            <line number="832" hits="140" branch="false"/>
            <line number="833" hits="140" branch="false"/>
            <line number="834" hits="140" branch="false"/>
            <line number="836" hits="0" branch="false"/>
            <line number="837" hits="0" branch="false"/>
            <line number="841" hits="33" branch="false"/>
            <line number="842" hits="0" branch="false"/>
            <line number="843" hits="33" branch="false"/>
            <line number="846" hits="33" branch="false"/>
            <line number="847" hits="1" branch="false"/>
            <line number="848" hits="1" branch="false"/>
            <line number="849" hits="1" branch="false"/>
            <line number="850" hits="1" branch="false"/>
            <line number="854" hits="33" branch="false"/>
          </lines>
        </class>
      </classes>
    </package>
  </packages>
</coverage>
